SEND  > [0, 0, 0, 0, 4, 0, 0, 0, 36, 0, 0, 0, 0, 84, 148, 233, 153, 235, 146, 36, 176, 133, 95, 2, 104, 253, 2, 211, 16, 177, 117, 26, 193, 174, 82, 186, 43, 216, 100, 16, 25, 26, 3, 40, 109]
RECV  > [0, 0, 0, 0, 9, 0, 0, 0, 8, 0, 0, 0, 0, 0, 0, 0, 0]
RECV  > [0, 0, 0, 1, 3, 0, 0, 4, 164, 0, 0, 0, 1, 192, 89, 201, 105, 145, 93, 121, 28, 39, 35, 149, 34, 91, 212, 47, 221, 56, 175, 112, 89, 166, 178, 96, 111, 226, 84, 187, 100, 115, 71, 156, 107, 14, 184, 87, 194, 161, 99, 15, 43, 165, 177, 55, 188, 83, 42, 75, 109, 43, 71, 171, 205, 101, 95, 222, 105, 75, 7, 12, 178, 15, 6, 195, 248, 130, 49, 129, 104, 42, 145, 230, 82, 56, 34, 102, 112, 104, 64, 42, 156, 80, 45, 188, 78, 216, 231, 40, 6, 10, 42, 142, 232, 17, 49, 226, 154, 105, 231, 139, 3, 85, 91, 206, 66, 120, 66, 140, 192, 218, 211, 78, 40, 201, 127, 173, 90, 182, 102, 150, 125, 56, 113, 200, 98, 160, 127, 84, 124, 118, 31, 243, 184, 219, 84, 74, 42, 178, 141, 143, 198, 66, 95, 203, 74, 43, 194, 53, 111, 121, 21, 127, 18, 22, 51, 3, 138, 183, 23, 116, 95, 184, 142, 28, 193, 147, 182, 251, 90, 26, 114, 109, 59, 22, 83, 38, 41, 187, 161, 115, 28, 228, 177, 143, 166, 180, 76, 143, 213, 183, 226, 208, 143, 166, 59, 31, 184, 192, 86, 92, 214, 140, 144, 7, 172, 184, 192, 29, 141, 195, 150, 9, 249, 204, 99, 168, 58, 132, 176, 146, 131, 112, 136, 23, 18, 81, 143, 76, 104, 147, 55, 152, 110, 9, 52, 160, 250, 195, 133, 81, 205, 25, 135, 4, 188, 74, 54, 167, 212, 175, 154, 91, 8, 95, 32, 189, 144, 219, 64, 202, 145, 102, 54, 134, 154, 165, 150, 201, 250, 54, 52, 244, 128, 54, 160, 57, 165, 5, 74, 30, 197, 167, 128, 15, 22, 7, 241, 245, 103, 39, 200, 68, 51, 100, 12, 33, 248, 147, 0, 251, 41, 6, 128, 183, 98, 202, 36, 35, 151, 20, 53, 34, 71, 224, 184, 15, 15, 200, 74, 105, 220, 47, 82, 9, 17, 63, 241, 95, 21, 250, 135, 24, 106, 77, 177, 11, 200, 9, 169, 176, 3, 151, 89, 97, 178, 60, 92, 180, 123, 58, 215, 180, 137, 176, 173, 7, 251, 115, 138, 233, 182, 126, 119, 9, 62, 97, 186, 150, 129, 147, 205, 71, 59, 244, 154, 64, 40, 123, 35, 44, 21, 88, 235, 124, 34, 73, 71, 19, 43, 192, 81, 60, 219, 121, 239, 76, 46, 78, 100, 3, 173, 164, 130, 62, 12, 156, 44, 28, 15, 158, 89, 79, 127, 58, 63, 115, 187, 48, 127, 48, 63, 26, 108, 155, 99, 112, 187, 8, 227, 19, 155, 74, 62, 50, 71, 11, 168, 73, 33, 68, 133, 114, 219, 115, 9, 218, 218, 83, 149, 147, 116, 198, 26, 154, 92, 145, 97, 128, 180, 72, 83, 198, 81, 225, 151, 55, 253, 228, 70, 236, 218, 192, 18, 186, 33, 231, 17, 120, 245, 165, 178, 28, 242, 105, 44, 188, 173, 8, 54, 151, 252, 75, 12, 42, 82, 107, 41, 83, 188, 42, 147, 42, 175, 180, 138, 52, 229, 50, 93, 91, 113, 98, 101, 88, 70, 39, 93, 226, 192, 90, 94, 64, 184, 166, 58, 202, 221, 199, 18, 130, 59, 17, 126, 130, 68, 239, 160, 105, 125, 60, 43, 96, 193, 124, 46, 3, 108, 70, 66, 134, 198, 92, 40, 193, 90, 69, 134, 40, 10, 109, 26, 50, 12, 16, 118, 139, 183, 139, 109, 236, 0, 137, 188, 6, 129, 68, 28, 127, 137, 186, 122, 140, 163, 230, 12, 20, 184, 39, 147, 26, 244, 163, 71, 91, 197, 181, 28, 105, 90, 236, 107, 97, 204, 164, 210, 161, 19, 175, 198, 125, 245, 84, 108, 40, 11, 33, 174, 249, 118, 108, 213, 116, 148, 197, 63, 219, 83, 13, 240, 64, 164, 94, 228, 108, 50, 21, 24, 168, 153, 132, 250, 53, 32, 136, 74, 125, 117, 114, 62, 187, 83, 207, 155, 76, 121, 144, 84, 91, 77, 92, 86, 45, 233, 126, 180, 232, 76, 116, 227, 38, 12, 128, 147, 55, 233, 45, 152, 137, 131, 73, 100, 189, 85, 140, 206, 238, 19, 29, 190, 219, 174, 238, 97, 18, 215, 91, 116, 243, 202, 50, 190, 0, 30, 49, 181, 75, 117, 28, 63, 194, 64, 186, 208, 118, 56, 64, 28, 203, 36, 32, 144, 222, 180, 123, 212, 147, 22, 191, 247, 99, 140, 146, 9, 30, 242, 30, 78, 186, 106, 236, 210, 21, 110, 16, 21, 94, 74, 111, 244, 55, 105, 12, 52, 8, 129, 193, 59, 27, 229, 15, 131, 89, 128, 243, 34, 126, 212, 241, 40, 92, 220, 97, 12, 194, 195, 205, 36, 108, 126, 134, 169, 29, 82, 96, 99, 240, 8, 206, 131, 113, 220, 99, 68, 248, 219, 3, 230, 212, 28, 232, 182, 36, 13, 209, 154, 40, 84, 192, 140, 184, 2, 172, 39, 168, 81, 83, 61, 18, 116, 17, 144, 243, 96, 107, 12, 60, 140, 161, 96, 9, 217, 19, 24, 234, 107, 14, 199, 107, 159, 150, 184, 136, 53, 118, 154, 167, 51, 163, 96, 197, 248, 28, 69, 234, 6, 141, 23, 92, 197, 210, 210, 113, 64, 65, 101, 234, 251, 63, 194, 35, 49, 136, 56, 123, 226, 232, 199, 168, 183, 196, 78, 219, 153, 181, 123, 123, 228, 161, 173, 179, 211, 47, 175, 182, 126, 216, 0, 134, 114, 134, 194, 27, 146, 39, 202, 232, 14, 180, 195, 45, 99, 105, 75, 65, 51, 154, 39, 101, 96, 165, 192, 128, 57, 32, 112, 231, 236, 58, 184, 67, 77, 22, 2, 143, 69, 183, 207, 43, 149, 78, 6, 231, 201, 160, 215, 98, 7, 34, 74, 182, 85, 191, 154, 195, 73, 32, 138, 159, 210, 50, 94, 67, 236, 151, 9, 220, 87, 71, 166, 1, 176, 23, 190, 142, 240, 94, 186, 84, 111, 204, 138, 20, 239, 150, 54, 246, 181, 166, 247, 192, 8, 205, 235, 159, 149, 49, 54, 182, 132, 26, 87, 8, 179, 143, 197, 111, 10, 73, 178, 182, 149, 159, 119, 204, 198, 65, 209, 3, 224, 65, 82, 174, 37, 138, 131, 26, 120, 120, 233, 46, 27, 20, 35, 136, 183, 125, 240, 49, 85, 5, 187, 7, 174, 252, 188, 9, 73, 70, 144, 57, 92, 224, 18, 103, 80, 178, 121, 213, 236, 54, 145, 65, 117, 30, 180, 3, 11, 210, 51, 231, 64, 12, 117, 26, 154, 230, 40, 13, 138, 98, 122, 30, 48, 99, 238, 128, 171, 154, 168, 85, 212, 90, 92, 231, 81, 207, 63, 204, 101, 31, 162, 58, 80, 1, 178, 4, 150, 124, 232, 52, 22, 97, 248, 164, 19, 187, 11, 197, 103, 30, 252, 105, 72, 119, 27, 100, 92, 7, 25, 200, 185, 41, 93, 201, 57, 174, 129, 64, 234, 116, 40, 172, 171, 146, 53, 147, 170, 40, 12, 153, 32, 41, 139, 202, 160, 254, 169, 47, 17, 73, 169, 232, 96, 136, 183, 135, 15, 67, 33, 65, 37, 29, 93, 113, 249, 96, 146, 163, 99, 212, 101, 183, 252, 78, 80]
SEND  > [0, 0, 0, 1, 9, 0, 0, 0, 8, 0, 0, 0, 1, 0, 0, 0, 1]
SEND  > [0, 0, 0, 2, 3, 0, 0, 4, 68, 0, 0, 0, 2, 135, 118, 202, 198, 113, 94, 24, 250, 138, 146, 187, 13, 36, 223, 178, 241, 228, 27, 253, 179, 223, 197, 111, 78, 65, 234, 12, 93, 29, 150, 97, 30, 21, 246, 41, 172, 226, 249, 107, 42, 114, 120, 209, 252, 208, 74, 70, 33, 145, 244, 75, 171, 66, 90, 49, 29, 109, 255, 74, 170, 18, 153, 134, 203, 44, 222, 31, 179, 141, 1, 193, 100, 217, 45, 131, 148, 97, 53, 118, 81, 72, 70, 22, 83, 214, 35, 224, 230, 79, 46, 250, 147, 112, 140, 4, 161, 76, 121, 104, 148, 146, 47, 187, 31, 160, 92, 36, 187, 34, 149, 247, 2, 193, 10, 201, 205, 179, 157, 214, 115, 131, 245, 167, 9, 103, 22, 101, 184, 179, 143, 231, 45, 85, 246, 43, 197, 20, 7, 201, 67, 104, 66, 193, 63, 12, 254, 200, 109, 173, 82, 72, 134, 84, 15, 241, 214, 231, 202, 187, 210, 72, 76, 216, 187, 251, 122, 126, 166, 139, 194, 186, 101, 143, 224, 251, 158, 215, 101, 44, 5, 109, 175, 132, 173, 41, 24, 102, 239, 193, 231, 112, 206, 148, 194, 27, 94, 98, 217, 109, 96, 48, 150, 40, 171, 234, 191, 223, 225, 52, 212, 203, 205, 31, 133, 134, 235, 137, 187, 246, 233, 233, 225, 217, 185, 182, 217, 123, 26, 72, 163, 44, 157, 247, 206, 146, 73, 98, 34, 18, 162, 62, 193, 49, 19, 37, 249, 184, 208, 193, 55, 12, 135, 48, 155, 57, 24, 31, 117, 98, 188, 141, 195, 248, 56, 25, 229, 147, 148, 193, 16, 41, 81, 17, 175, 179, 98, 20, 24, 245, 244, 14, 50, 40, 118, 192, 48, 165, 177, 132, 245, 156, 5, 132, 123, 214, 246, 180, 30, 0, 28, 160, 128, 13, 52, 207, 250, 81, 236, 237, 40, 171, 48, 163, 31, 52, 53, 136, 189, 172, 102, 152, 39, 66, 48, 94, 142, 191, 14, 35, 19, 57, 200, 155, 40, 239, 113, 128, 136, 167, 223, 112, 78, 34, 230, 253, 52, 189, 148, 38, 226, 20, 237, 156, 254, 56, 207, 122, 83, 2, 98, 244, 90, 90, 55, 249, 110, 234, 175, 226, 210, 34, 57, 114, 121, 151, 77, 192, 113, 5, 100, 2, 170, 160, 120, 2, 151, 243, 48, 233, 78, 212, 254, 160, 184, 194, 177, 137, 103, 27, 84, 137, 169, 122, 190, 17, 254, 35, 233, 254, 1, 18, 184, 208, 98, 212, 103, 119, 89, 190, 116, 180, 156, 201, 161, 50, 234, 86, 171, 38, 80, 227, 51, 46, 74, 13, 86, 188, 155, 157, 245, 130, 57, 0, 87, 126, 49, 106, 248, 85, 65, 79, 192, 234, 122, 18, 210, 40, 242, 126, 163, 69, 132, 239, 88, 77, 209, 218, 255, 166, 151, 133, 147, 57, 18, 25, 173, 204, 12, 176, 62, 54, 188, 86, 59, 20, 190, 166, 176, 118, 32, 84, 244, 80, 254, 49, 15, 213, 202, 161, 58, 83, 49, 136, 33, 220, 153, 243, 91, 56, 133, 35, 251, 215, 187, 239, 172, 111, 78, 242, 135, 30, 150, 213, 1, 36, 248, 239, 222, 179, 139, 193, 228, 36, 77, 102, 157, 240, 151, 120, 240, 157, 23, 59, 17, 254, 58, 64, 128, 121, 101, 22, 56, 126, 59, 182, 248, 168, 231, 145, 24, 130, 227, 95, 143, 236, 187, 105, 245, 20, 156, 12, 251, 211, 183, 154, 112, 200, 252, 252, 102, 54, 236, 13, 22, 4, 112, 53, 134, 61, 128, 192, 238, 156, 130, 241, 64, 21, 215, 10, 141, 162, 57, 191, 224, 106, 108, 241, 207, 228, 89, 115, 147, 234, 18, 48, 113, 198, 59, 181, 94, 141, 255, 167, 192, 254, 90, 79, 19, 174, 230, 15, 77, 28, 254, 51, 55, 128, 218, 192, 132, 127, 182, 130, 48, 89, 62, 192, 37, 187, 150, 130, 55, 235, 133, 209, 41, 241, 154, 95, 97, 86, 216, 120, 106, 5, 204, 37, 105, 4, 119, 105, 197, 106, 67, 69, 237, 131, 56, 170, 88, 104, 153, 230, 195, 206, 72, 168, 28, 187, 13, 49, 108, 146, 253, 207, 100, 69, 100, 46, 175, 41, 66, 117, 99, 100, 195, 4, 241, 26, 147, 201, 216, 225, 110, 254, 80, 66, 199, 230, 4, 198, 207, 211, 101, 138, 112, 10, 134, 166, 20, 107, 161, 132, 232, 203, 207, 220, 117, 171, 58, 134, 191, 166, 131, 169, 145, 80, 39, 237, 178, 116, 232, 255, 197, 163, 38, 23, 60, 66, 83, 222, 159, 29, 241, 167, 176, 183, 73, 81, 77, 239, 10, 100, 104, 122, 75, 147, 11, 84, 154, 42, 116, 1, 65, 20, 130, 141, 8, 250, 19, 130, 79, 10, 228, 69, 15, 70, 129, 187, 6, 26, 7, 129, 120, 40, 8, 173, 0, 19, 222, 151, 91, 230, 4, 162, 148, 236, 11, 209, 14, 120, 207, 241, 88, 155, 76, 158, 30, 104, 236, 194, 189, 32, 141, 110, 52, 25, 160, 0, 29, 146, 188, 94, 177, 43, 14, 98, 118, 154, 53, 224, 226, 189, 19, 124, 17, 23, 255, 210, 128, 4, 40, 210, 224, 207, 4, 46, 100, 34, 182, 107, 233, 16, 137, 91, 13, 172, 80, 185, 192, 129, 175, 42, 33, 11, 105, 77, 116, 144, 180, 132, 95, 3, 52, 173, 126, 236, 157, 188, 124, 164, 242, 102, 85, 57, 34, 84, 114, 49, 28, 248, 12, 234, 191, 6, 58, 179, 18, 111, 232, 241, 185, 12, 118, 212, 43, 199, 253, 55, 145, 72, 242, 122, 217, 46, 178, 188, 168, 23, 205, 13, 165, 78, 168, 92, 42, 213, 155, 19, 119, 201, 84, 21, 165, 14, 63, 214, 132, 37, 209, 24, 207, 52, 124, 145, 83, 110, 7, 141, 79, 12, 95, 166, 140, 70, 166, 154, 83, 125, 25, 169, 96, 2, 45, 126, 138, 177, 171, 149, 174, 95, 112, 159, 88, 172, 86, 8, 195, 43, 236, 90, 176, 233, 227, 123, 147, 3, 24, 83, 161, 211, 97, 154, 146, 119, 9, 181, 249, 202, 13, 78, 72, 119, 43, 103, 228, 190, 148, 34, 157, 212, 51, 156, 146, 138, 147, 76, 7, 5, 59, 204, 180, 119, 99, 199, 139, 56, 135, 225, 122, 137, 148, 169, 17, 143, 208, 165, 136, 172, 103, 30, 153, 117, 202, 161, 164, 5, 107, 233, 158, 127, 32, 141, 162, 210, 85, 155, 30, 204, 105, 20, 241, 122, 253, 226, 57, 203, 142]
RECV  > [0, 0, 0, 2, 9, 0, 0, 0, 8, 0, 0, 0, 2, 0, 0, 0, 2]
RECV  > [0, 0, 0, 3, 1, 0, 0, 0, 68, 0, 0, 0, 3, 201, 192, 220, 127, 216, 14, 132, 141, 241, 102, 47, 211, 182, 69, 113, 89, 226, 3, 146, 222, 196, 173, 199, 23, 19, 0, 168, 139, 65, 174, 4, 137, 51, 237, 165, 112, 121, 244, 177, 91, 94, 102, 254, 105, 23, 250, 68, 9, 192, 176, 45, 176, 199, 132, 251, 109, 101, 19, 74, 134, 175, 87, 199, 1]
SEND  > [0, 0, 0, 3, 9, 0, 0, 0, 8, 0, 0, 0, 3, 0, 0, 0, 3]
SEND  > [0, 0, 0, 4, 6, 0, 0, 0, 36, 0, 0, 0, 4, 6, 145, 62, 159, 240, 43, 40, 49, 17, 211, 161, 58, 39, 76, 54, 30, 167, 130, 17, 57, 146, 242, 71, 250, 93, 0, 77, 227, 30, 67, 118, 141]
RECV  > [0, 0, 0, 4, 9, 0, 0, 0, 8, 0, 0, 0, 4, 0, 0, 0, 4]
RECV  > [0, 0, 0, 5, 6, 0, 0, 0, 36, 0, 0, 0, 5, 50, 110, 9, 53, 70, 13, 184, 16, 104, 18, 89, 60, 190, 189, 252, 51, 85, 1, 242, 63, 51, 107, 175, 217, 130, 175, 195, 26, 250, 114, 197, 174]
SEND  > [0, 0, 0, 5, 9, 0, 0, 0, 8, 0, 0, 0, 5, 0, 0, 0, 5]
SEND  > [0, 0, 0, 6, 16, 0, 0, 0, 4, 0, 0, 0, 6]
SEND  > [0, 0, 0, 7, 16, 0, 0, 0, 4, 0, 0, 0, 7]
RECV  > [0, 0, 0, 6, 9, 0, 0, 0, 8, 0, 0, 0, 6, 0, 0, 0, 6]
RECV  > [0, 0, 0, 7, 17, 0, 0, 0, 4, 0, 0, 0, 7]
SEND  > [0, 0, 0, 8, 9, 0, 0, 0, 8, 0, 0, 0, 8, 0, 0, 0, 7]
RECV  > [0, 0, 0, 8, 9, 0, 0, 0, 8, 0, 0, 0, 8, 0, 0, 0, 7]
RECV  > [0, 0, 0, 9, 17, 0, 0, 0, 4, 0, 0, 0, 9]
SEND  > [0, 0, 0, 9, 9, 0, 0, 0, 8, 0, 0, 0, 9, 0, 0, 0, 9]
SEND  > [0, 0, 0, 10, 16, 0, 0, 0, 4, 0, 0, 0, 10]
SEND  > [0, 0, 0, 11, 16, 0, 0, 0, 4, 0, 0, 0, 11]
RECV  > [0, 0, 0, 10, 9, 0, 0, 0, 8, 0, 0, 0, 10, 0, 0, 0, 10]
RECV  > [0, 0, 0, 11, 17, 0, 0, 0, 4, 0, 0, 0, 11]
SEND  > [0, 0, 0, 12, 9, 0, 0, 0, 8, 0, 0, 0, 12, 0, 0, 0, 11]
RECV  > [0, 0, 0, 12, 9, 0, 0, 0, 8, 0, 0, 0, 12, 0, 0, 0, 11]
RECV  > [0, 0, 0, 13, 17, 0, 0, 0, 4, 0, 0, 0, 13]
SEND  > [0, 0, 0, 13, 9, 0, 0, 0, 8, 0, 0, 0, 13, 0, 0, 0, 13]
SEND  > [0, 0, 0, 14, 16, 0, 0, 0, 4, 0, 0, 0, 14]
SEND  > [0, 0, 0, 15, 16, 0, 0, 0, 4, 0, 0, 0, 15]
RECV  > [0, 0, 0, 14, 9, 0, 0, 0, 8, 0, 0, 0, 14, 0, 0, 0, 14]
RECV  > [0, 0, 0, 15, 17, 0, 0, 0, 4, 0, 0, 0, 15]
SEND  > [0, 0, 0, 16, 9, 0, 0, 0, 8, 0, 0, 0, 16, 0, 0, 0, 15]
RECV  > [0, 0, 0, 16, 9, 0, 0, 0, 8, 0, 0, 0, 16, 0, 0, 0, 15]
RECV  > [0, 0, 0, 17, 17, 0, 0, 0, 4, 0, 0, 0, 17]
SEND  > [0, 0, 0, 17, 9, 0, 0, 0, 8, 0, 0, 0, 17, 0, 0, 0, 17]
SEND  > [0, 0, 0, 18, 16, 0, 0, 0, 4, 0, 0, 0, 18]
SEND  > [0, 0, 0, 19, 16, 0, 0, 0, 4, 0, 0, 0, 19]
RECV  > [0, 0, 0, 18, 9, 0, 0, 0, 8, 0, 0, 0, 18, 0, 0, 0, 18]
RECV  > [0, 0, 0, 19, 17, 0, 0, 0, 4, 0, 0, 0, 19]
SEND  > [0, 0, 0, 20, 9, 0, 0, 0, 8, 0, 0, 0, 20, 0, 0, 0, 19]
RECV  > [0, 0, 0, 20, 9, 0, 0, 0, 8, 0, 0, 0, 20, 0, 0, 0, 19]
RECV  > [0, 0, 0, 21, 17, 0, 0, 0, 4, 0, 0, 0, 21]
SEND  > [0, 0, 0, 21, 9, 0, 0, 0, 8, 0, 0, 0, 21, 0, 0, 0, 21]
SEND  > [0, 0, 0, 22, 16, 0, 0, 0, 4, 0, 0, 0, 22]
SEND  > [0, 0, 0, 23, 16, 0, 0, 0, 4, 0, 0, 0, 23]
RECV  > [0, 0, 0, 22, 9, 0, 0, 0, 8, 0, 0, 0, 22, 0, 0, 0, 22]
RECV  > [0, 0, 0, 23, 17, 0, 0, 0, 4, 0, 0, 0, 23]
SEND  > [0, 0, 0, 24, 9, 0, 0, 0, 8, 0, 0, 0, 24, 0, 0, 0, 23]
RECV  > [0, 0, 0, 24, 9, 0, 0, 0, 8, 0, 0, 0, 24, 0, 0, 0, 23]
RECV  > [0, 0, 0, 25, 17, 0, 0, 0, 4, 0, 0, 0, 25]
SEND  > [0, 0, 0, 25, 9, 0, 0, 0, 8, 0, 0, 0, 25, 0, 0, 0, 25]
SEND  > [0, 0, 0, 26, 16, 0, 0, 0, 4, 0, 0, 0, 26]
SEND  > [0, 0, 0, 27, 16, 0, 0, 0, 4, 0, 0, 0, 27]
RECV  > [0, 0, 0, 26, 9, 0, 0, 0, 8, 0, 0, 0, 26, 0, 0, 0, 26]
RECV  > [0, 0, 0, 27, 17, 0, 0, 0, 4, 0, 0, 0, 27]
SEND  > [0, 0, 0, 28, 9, 0, 0, 0, 8, 0, 0, 0, 28, 0, 0, 0, 27]
RECV  > [0, 0, 0, 28, 9, 0, 0, 0, 8, 0, 0, 0, 28, 0, 0, 0, 27]
RECV  > [0, 0, 0, 29, 17, 0, 0, 0, 4, 0, 0, 0, 29]
SEND  > [0, 0, 0, 29, 9, 0, 0, 0, 8, 0, 0, 0, 29, 0, 0, 0, 29]
SEND  > [0, 0, 0, 30, 16, 0, 0, 0, 4, 0, 0, 0, 30]
SEND  > [0, 0, 0, 31, 16, 0, 0, 0, 4, 0, 0, 0, 31]
RECV  > [0, 0, 0, 30, 9, 0, 0, 0, 8, 0, 0, 0, 30, 0, 0, 0, 30]
RECV  > [0, 0, 0, 31, 17, 0, 0, 0, 4, 0, 0, 0, 31]
SEND  > [0, 0, 0, 32, 9, 0, 0, 0, 8, 0, 0, 0, 32, 0, 0, 0, 31]
RECV  > [0, 0, 0, 32, 9, 0, 0, 0, 8, 0, 0, 0, 32, 0, 0, 0, 31]
RECV  > [0, 0, 0, 33, 17, 0, 0, 0, 4, 0, 0, 0, 33]
SEND  > [0, 0, 0, 33, 9, 0, 0, 0, 8, 0, 0, 0, 33, 0, 0, 0, 33]
SEND  > [0, 0, 0, 34, 16, 0, 0, 0, 4, 0, 0, 0, 34]
SEND  > [0, 0, 0, 35, 16, 0, 0, 0, 4, 0, 0, 0, 35]
RECV  > [0, 0, 0, 34, 9, 0, 0, 0, 8, 0, 0, 0, 34, 0, 0, 0, 34]
RECV  > [0, 0, 0, 35, 17, 0, 0, 0, 4, 0, 0, 0, 35]
SEND  > [0, 0, 0, 36, 9, 0, 0, 0, 8, 0, 0, 0, 36, 0, 0, 0, 35]
RECV  > [0, 0, 0, 36, 9, 0, 0, 0, 8, 0, 0, 0, 36, 0, 0, 0, 35]
RECV  > [0, 0, 0, 37, 17, 0, 0, 0, 4, 0, 0, 0, 37]
SEND  > [0, 0, 0, 37, 9, 0, 0, 0, 8, 0, 0, 0, 37, 0, 0, 0, 37]
SEND  > [0, 0, 0, 38, 16, 0, 0, 0, 4, 0, 0, 0, 38]
SEND  > [0, 0, 0, 39, 16, 0, 0, 0, 4, 0, 0, 0, 39]
RECV  > [0, 0, 0, 38, 9, 0, 0, 0, 8, 0, 0, 0, 38, 0, 0, 0, 38]
RECV  > [0, 0, 0, 39, 17, 0, 0, 0, 4, 0, 0, 0, 39]
SEND  > [0, 0, 0, 40, 9, 0, 0, 0, 8, 0, 0, 0, 40, 0, 0, 0, 39]
RECV  > [0, 0, 0, 40, 9, 0, 0, 0, 8, 0, 0, 0, 40, 0, 0, 0, 39]
RECV  > [0, 0, 0, 41, 17, 0, 0, 0, 4, 0, 0, 0, 41]
SEND  > [0, 0, 0, 41, 9, 0, 0, 0, 8, 0, 0, 0, 41, 0, 0, 0, 41]
SEND  > [0, 0, 0, 42, 16, 0, 0, 0, 4, 0, 0, 0, 42]
SEND  > [0, 0, 0, 43, 16, 0, 0, 0, 4, 0, 0, 0, 43]
RECV  > [0, 0, 0, 42, 9, 0, 0, 0, 8, 0, 0, 0, 42, 0, 0, 0, 42]
RECV  > [0, 0, 0, 43, 17, 0, 0, 0, 4, 0, 0, 0, 43]
SEND  > [0, 0, 0, 44, 9, 0, 0, 0, 8, 0, 0, 0, 44, 0, 0, 0, 43]
RECV  > [0, 0, 0, 44, 9, 0, 0, 0, 8, 0, 0, 0, 44, 0, 0, 0, 43]
RECV  > [0, 0, 0, 45, 17, 0, 0, 0, 4, 0, 0, 0, 45]
SEND  > [0, 0, 0, 45, 9, 0, 0, 0, 8, 0, 0, 0, 45, 0, 0, 0, 45]
SEND  > [0, 0, 0, 46, 16, 0, 0, 0, 4, 0, 0, 0, 46]
SEND  > [0, 0, 0, 47, 16, 0, 0, 0, 4, 0, 0, 0, 47]
RECV  > [0, 0, 0, 46, 9, 0, 0, 0, 8, 0, 0, 0, 46, 0, 0, 0, 46]
RECV  > [0, 0, 0, 47, 17, 0, 0, 0, 4, 0, 0, 0, 47]
SEND  > [0, 0, 0, 48, 9, 0, 0, 0, 8, 0, 0, 0, 48, 0, 0, 0, 47]
RECV  > [0, 0, 0, 48, 9, 0, 0, 0, 8, 0, 0, 0, 48, 0, 0, 0, 47]
RECV  > [0, 0, 0, 49, 17, 0, 0, 0, 4, 0, 0, 0, 49]
SEND  > [0, 0, 0, 49, 9, 0, 0, 0, 8, 0, 0, 0, 49, 0, 0, 0, 49]
SEND  > [0, 0, 0, 50, 16, 0, 0, 0, 4, 0, 0, 0, 50]
SEND  > [0, 0, 0, 51, 16, 0, 0, 0, 4, 0, 0, 0, 51]
RECV  > [0, 0, 0, 50, 9, 0, 0, 0, 8, 0, 0, 0, 50, 0, 0, 0, 50]
RECV  > [0, 0, 0, 51, 17, 0, 0, 0, 4, 0, 0, 0, 51]
SEND  > [0, 0, 0, 52, 9, 0, 0, 0, 8, 0, 0, 0, 52, 0, 0, 0, 51]
RECV  > [0, 0, 0, 52, 9, 0, 0, 0, 8, 0, 0, 0, 52, 0, 0, 0, 51]
RECV  > [0, 0, 0, 53, 17, 0, 0, 0, 4, 0, 0, 0, 53]
SEND  > [0, 0, 0, 53, 9, 0, 0, 0, 8, 0, 0, 0, 53, 0, 0, 0, 53]
SEND  > [0, 0, 0, 54, 16, 0, 0, 0, 4, 0, 0, 0, 54]
SEND  > [0, 0, 0, 55, 16, 0, 0, 0, 4, 0, 0, 0, 55]
RECV  > [0, 0, 0, 54, 9, 0, 0, 0, 8, 0, 0, 0, 54, 0, 0, 0, 54]
RECV  > [0, 0, 0, 55, 17, 0, 0, 0, 4, 0, 0, 0, 55]
SEND  > [0, 0, 0, 56, 9, 0, 0, 0, 8, 0, 0, 0, 56, 0, 0, 0, 55]
RECV  > [0, 0, 0, 56, 9, 0, 0, 0, 8, 0, 0, 0, 56, 0, 0, 0, 55]
RECV  > [0, 0, 0, 57, 17, 0, 0, 0, 4, 0, 0, 0, 57]
SEND  > [0, 0, 0, 57, 9, 0, 0, 0, 8, 0, 0, 0, 57, 0, 0, 0, 57]
SEND  > [0, 0, 0, 58, 16, 0, 0, 0, 4, 0, 0, 0, 58]
SEND  > [0, 0, 0, 59, 16, 0, 0, 0, 4, 0, 0, 0, 59]
RECV  > [0, 0, 0, 58, 9, 0, 0, 0, 8, 0, 0, 0, 58, 0, 0, 0, 58]
RECV  > [0, 0, 0, 59, 17, 0, 0, 0, 4, 0, 0, 0, 59]
SEND  > [0, 0, 0, 60, 9, 0, 0, 0, 8, 0, 0, 0, 60, 0, 0, 0, 59]
RECV  > [0, 0, 0, 60, 9, 0, 0, 0, 8, 0, 0, 0, 60, 0, 0, 0, 59]
RECV  > [0, 0, 0, 61, 17, 0, 0, 0, 4, 0, 0, 0, 61]
SEND  > [0, 0, 0, 61, 9, 0, 0, 0, 8, 0, 0, 0, 61, 0, 0, 0, 61]
SEND  > [0, 0, 0, 62, 16, 0, 0, 0, 4, 0, 0, 0, 62]
SEND  > [0, 0, 0, 63, 16, 0, 0, 0, 4, 0, 0, 0, 63]
RECV  > [0, 0, 0, 62, 9, 0, 0, 0, 8, 0, 0, 0, 62, 0, 0, 0, 62]
RECV  > [0, 0, 0, 63, 17, 0, 0, 0, 4, 0, 0, 0, 63]
SEND  > [0, 0, 0, 64, 9, 0, 0, 0, 8, 0, 0, 0, 64, 0, 0, 0, 63]
RECV  > [0, 0, 0, 64, 9, 0, 0, 0, 8, 0, 0, 0, 64, 0, 0, 0, 63]
RECV  > [0, 0, 0, 65, 17, 0, 0, 0, 4, 0, 0, 0, 65]
SEND  > [0, 0, 0, 65, 9, 0, 0, 0, 8, 0, 0, 0, 65, 0, 0, 0, 65]
SEND  > [0, 0, 0, 66, 16, 0, 0, 0, 4, 0, 0, 0, 66]
SEND  > [0, 0, 0, 67, 16, 0, 0, 0, 4, 0, 0, 0, 67]
RECV  > [0, 0, 0, 66, 9, 0, 0, 0, 8, 0, 0, 0, 66, 0, 0, 0, 66]
RECV  > [0, 0, 0, 67, 17, 0, 0, 0, 4, 0, 0, 0, 67]
SEND  > [0, 0, 0, 68, 9, 0, 0, 0, 8, 0, 0, 0, 68, 0, 0, 0, 67]
RECV  > [0, 0, 0, 68, 9, 0, 0, 0, 8, 0, 0, 0, 68, 0, 0, 0, 67]
RECV  > [0, 0, 0, 69, 17, 0, 0, 0, 4, 0, 0, 0, 69]
SEND  > [0, 0, 0, 69, 9, 0, 0, 0, 8, 0, 0, 0, 69, 0, 0, 0, 69]
SEND  > [0, 0, 0, 70, 16, 0, 0, 0, 4, 0, 0, 0, 70]
SEND  > [0, 0, 0, 71, 16, 0, 0, 0, 4, 0, 0, 0, 71]
RECV  > [0, 0, 0, 70, 9, 0, 0, 0, 8, 0, 0, 0, 70, 0, 0, 0, 70]
RECV  > [0, 0, 0, 71, 17, 0, 0, 0, 4, 0, 0, 0, 71]
SEND  > [0, 0, 0, 72, 9, 0, 0, 0, 8, 0, 0, 0, 72, 0, 0, 0, 71]
RECV  > [0, 0, 0, 72, 9, 0, 0, 0, 8, 0, 0, 0, 72, 0, 0, 0, 71]
RECV  > [0, 0, 0, 73, 17, 0, 0, 0, 4, 0, 0, 0, 73]
SEND  > [0, 0, 0, 73, 9, 0, 0, 0, 8, 0, 0, 0, 73, 0, 0, 0, 73]
SEND  > [0, 0, 0, 74, 16, 0, 0, 0, 4, 0, 0, 0, 74]
SEND  > [0, 0, 0, 75, 16, 0, 0, 0, 4, 0, 0, 0, 75]
RECV  > [0, 0, 0, 74, 9, 0, 0, 0, 8, 0, 0, 0, 74, 0, 0, 0, 74]
RECV  > [0, 0, 0, 75, 17, 0, 0, 0, 4, 0, 0, 0, 75]
SEND  > [0, 0, 0, 76, 9, 0, 0, 0, 8, 0, 0, 0, 76, 0, 0, 0, 75]
RECV  > [0, 0, 0, 76, 9, 0, 0, 0, 8, 0, 0, 0, 76, 0, 0, 0, 75]
RECV  > [0, 0, 0, 77, 17, 0, 0, 0, 4, 0, 0, 0, 77]
SEND  > [0, 0, 0, 77, 9, 0, 0, 0, 8, 0, 0, 0, 77, 0, 0, 0, 77]
SEND  > [0, 0, 0, 78, 16, 0, 0, 0, 4, 0, 0, 0, 78]
SEND  > [0, 0, 0, 79, 16, 0, 0, 0, 4, 0, 0, 0, 79]
RECV  > [0, 0, 0, 78, 9, 0, 0, 0, 8, 0, 0, 0, 78, 0, 0, 0, 78]
RECV  > [0, 0, 0, 79, 17, 0, 0, 0, 4, 0, 0, 0, 79]
SEND  > [0, 0, 0, 80, 9, 0, 0, 0, 8, 0, 0, 0, 80, 0, 0, 0, 79]
RECV  > [0, 0, 0, 80, 9, 0, 0, 0, 8, 0, 0, 0, 80, 0, 0, 0, 79]
RECV  > [0, 0, 0, 81, 17, 0, 0, 0, 4, 0, 0, 0, 81]
SEND  > [0, 0, 0, 81, 9, 0, 0, 0, 8, 0, 0, 0, 81, 0, 0, 0, 81]
SEND  > [0, 0, 0, 82, 16, 0, 0, 0, 4, 0, 0, 0, 82]
SEND  > [0, 0, 0, 83, 16, 0, 0, 0, 4, 0, 0, 0, 83]
RECV  > [0, 0, 0, 82, 9, 0, 0, 0, 8, 0, 0, 0, 82, 0, 0, 0, 82]
RECV  > [0, 0, 0, 83, 17, 0, 0, 0, 4, 0, 0, 0, 83]
SEND  > [0, 0, 0, 84, 9, 0, 0, 0, 8, 0, 0, 0, 84, 0, 0, 0, 83]
RECV  > [0, 0, 0, 84, 9, 0, 0, 0, 8, 0, 0, 0, 84, 0, 0, 0, 83]
RECV  > [0, 0, 0, 85, 17, 0, 0, 0, 4, 0, 0, 0, 85]
SEND  > [0, 0, 0, 85, 9, 0, 0, 0, 8, 0, 0, 0, 85, 0, 0, 0, 85]
SEND  > [0, 0, 0, 86, 16, 0, 0, 0, 4, 0, 0, 0, 86]
SEND  > [0, 0, 0, 87, 16, 0, 0, 0, 4, 0, 0, 0, 87]
RECV  > [0, 0, 0, 86, 9, 0, 0, 0, 8, 0, 0, 0, 86, 0, 0, 0, 86]
RECV  > [0, 0, 0, 87, 17, 0, 0, 0, 4, 0, 0, 0, 87]
SEND  > [0, 0, 0, 88, 9, 0, 0, 0, 8, 0, 0, 0, 88, 0, 0, 0, 87]
RECV  > [0, 0, 0, 88, 9, 0, 0, 0, 8, 0, 0, 0, 88, 0, 0, 0, 87]
RECV  > [0, 0, 0, 89, 17, 0, 0, 0, 4, 0, 0, 0, 89]
SEND  > [0, 0, 0, 89, 9, 0, 0, 0, 8, 0, 0, 0, 89, 0, 0, 0, 89]
SEND  > [0, 0, 0, 90, 16, 0, 0, 0, 4, 0, 0, 0, 90]
SEND  > [0, 0, 0, 91, 16, 0, 0, 0, 4, 0, 0, 0, 91]
RECV  > [0, 0, 0, 90, 9, 0, 0, 0, 8, 0, 0, 0, 90, 0, 0, 0, 90]
RECV  > [0, 0, 0, 91, 17, 0, 0, 0, 4, 0, 0, 0, 91]
SEND  > [0, 0, 0, 92, 9, 0, 0, 0, 8, 0, 0, 0, 92, 0, 0, 0, 91]
RECV  > [0, 0, 0, 92, 9, 0, 0, 0, 8, 0, 0, 0, 92, 0, 0, 0, 91]
RECV  > [0, 0, 0, 93, 17, 0, 0, 0, 4, 0, 0, 0, 93]
SEND  > [0, 0, 0, 93, 9, 0, 0, 0, 8, 0, 0, 0, 93, 0, 0, 0, 93]
SEND  > [0, 0, 0, 94, 16, 0, 0, 0, 4, 0, 0, 0, 94]
SEND  > [0, 0, 0, 95, 16, 0, 0, 0, 4, 0, 0, 0, 95]
RECV  > [0, 0, 0, 94, 9, 0, 0, 0, 8, 0, 0, 0, 94, 0, 0, 0, 94]
RECV  > [0, 0, 0, 95, 17, 0, 0, 0, 4, 0, 0, 0, 95]
SEND  > [0, 0, 0, 96, 9, 0, 0, 0, 8, 0, 0, 0, 96, 0, 0, 0, 95]
RECV  > [0, 0, 0, 96, 9, 0, 0, 0, 8, 0, 0, 0, 96, 0, 0, 0, 95]
RECV  > [0, 0, 0, 97, 17, 0, 0, 0, 4, 0, 0, 0, 97]
SEND  > [0, 0, 0, 97, 9, 0, 0, 0, 8, 0, 0, 0, 97, 0, 0, 0, 97]
SEND  > [0, 0, 0, 98, 16, 0, 0, 0, 4, 0, 0, 0, 98]
SEND  > [0, 0, 0, 99, 16, 0, 0, 0, 4, 0, 0, 0, 99]
RECV  > [0, 0, 0, 98, 9, 0, 0, 0, 8, 0, 0, 0, 98, 0, 0, 0, 98]
RECV  > [0, 0, 0, 99, 17, 0, 0, 0, 4, 0, 0, 0, 99]
SEND  > [0, 0, 0, 100, 9, 0, 0, 0, 8, 0, 0, 0, 100, 0, 0, 0, 99]
RECV  > [0, 0, 0, 100, 9, 0, 0, 0, 8, 0, 0, 0, 100, 0, 0, 0, 99]
RECV  > [0, 0, 0, 101, 17, 0, 0, 0, 4, 0, 0, 0, 101]
SEND  > [0, 0, 0, 101, 9, 0, 0, 0, 8, 0, 0, 0, 101, 0, 0, 0, 101]
SEND  > [0, 0, 0, 102, 16, 0, 0, 0, 4, 0, 0, 0, 102]
SEND  > [0, 0, 0, 103, 16, 0, 0, 0, 4, 0, 0, 0, 103]
RECV  > [0, 0, 0, 102, 9, 0, 0, 0, 8, 0, 0, 0, 102, 0, 0, 0, 102]
RECV  > [0, 0, 0, 103, 17, 0, 0, 0, 4, 0, 0, 0, 103]
SEND  > [0, 0, 0, 104, 9, 0, 0, 0, 8, 0, 0, 0, 104, 0, 0, 0, 103]
RECV  > [0, 0, 0, 104, 9, 0, 0, 0, 8, 0, 0, 0, 104, 0, 0, 0, 103]
RECV  > [0, 0, 0, 105, 17, 0, 0, 0, 4, 0, 0, 0, 105]
SEND  > [0, 0, 0, 105, 9, 0, 0, 0, 8, 0, 0, 0, 105, 0, 0, 0, 105]
SEND  > [0, 0, 0, 106, 16, 0, 0, 0, 4, 0, 0, 0, 106]
SEND  > [0, 0, 0, 107, 16, 0, 0, 0, 4, 0, 0, 0, 107]
RECV  > [0, 0, 0, 106, 9, 0, 0, 0, 8, 0, 0, 0, 106, 0, 0, 0, 106]
RECV  > [0, 0, 0, 107, 17, 0, 0, 0, 4, 0, 0, 0, 107]
SEND  > [0, 0, 0, 108, 9, 0, 0, 0, 8, 0, 0, 0, 108, 0, 0, 0, 107]
RECV  > [0, 0, 0, 108, 9, 0, 0, 0, 8, 0, 0, 0, 108, 0, 0, 0, 107]
RECV  > [0, 0, 0, 109, 17, 0, 0, 0, 4, 0, 0, 0, 109]
SEND  > [0, 0, 0, 109, 9, 0, 0, 0, 8, 0, 0, 0, 109, 0, 0, 0, 109]
SEND  > [0, 0, 0, 110, 16, 0, 0, 0, 4, 0, 0, 0, 110]
SEND  > [0, 0, 0, 111, 16, 0, 0, 0, 4, 0, 0, 0, 111]
RECV  > [0, 0, 0, 110, 9, 0, 0, 0, 8, 0, 0, 0, 110, 0, 0, 0, 110]
RECV  > [0, 0, 0, 111, 17, 0, 0, 0, 4, 0, 0, 0, 111]
SEND  > [0, 0, 0, 112, 9, 0, 0, 0, 8, 0, 0, 0, 112, 0, 0, 0, 111]
RECV  > [0, 0, 0, 112, 9, 0, 0, 0, 8, 0, 0, 0, 112, 0, 0, 0, 111]
RECV  > [0, 0, 0, 113, 17, 0, 0, 0, 4, 0, 0, 0, 113]
SEND  > [0, 0, 0, 113, 9, 0, 0, 0, 8, 0, 0, 0, 113, 0, 0, 0, 113]
SEND  > [0, 0, 0, 114, 16, 0, 0, 0, 4, 0, 0, 0, 114]
SEND  > [0, 0, 0, 115, 16, 0, 0, 0, 4, 0, 0, 0, 115]
RECV  > [0, 0, 0, 114, 9, 0, 0, 0, 8, 0, 0, 0, 114, 0, 0, 0, 114]
RECV  > [0, 0, 0, 115, 17, 0, 0, 0, 4, 0, 0, 0, 115]
SEND  > [0, 0, 0, 116, 9, 0, 0, 0, 8, 0, 0, 0, 116, 0, 0, 0, 115]
RECV  > [0, 0, 0, 116, 9, 0, 0, 0, 8, 0, 0, 0, 116, 0, 0, 0, 115]
RECV  > [0, 0, 0, 117, 17, 0, 0, 0, 4, 0, 0, 0, 117]
SEND  > [0, 0, 0, 117, 9, 0, 0, 0, 8, 0, 0, 0, 117, 0, 0, 0, 117]
